2025-01-09 23:35:03,209 - INFO - Database connection closed successfully
2025-01-09 23:35:18,532 - INFO - Database connection closed successfully
2025-01-09 23:37:59,890 - ERROR - Database error: string indices must be integers, not 'str'
2025-01-09 23:37:59,890 - INFO - Database connection closed successfully
2025-01-09 23:39:06,269 - INFO - Database connection closed successfully
2025-01-09 23:41:30,139 - INFO - Database connection closed successfully
2025-01-09 23:41:59,101 - INFO - Database connection closed successfully
2025-01-10 20:56:08,296 - INFO - Database connection closed successfully
2025-01-10 21:05:52,950 - ERROR - Error querying data from signed WHERE Path = 'C:\Users\Administrator\Desktop\TimelineExplorer\Filtehgjr.txt' LIMIT 1: no such table: signed
2025-01-10 21:05:52,951 - INFO - Database connection closed successfully
2025-01-10 21:27:44,850 - INFO - Database connection closed successfully
2025-01-10 21:36:39,850 - INFO - Database connection closed successfully
2025-01-10 21:39:12,940 - INFO - Database connection closed successfully
2025-01-10 22:24:31,425 - INFO - Database connection closed successfully
2025-01-10 22:26:45,287 - INFO - Database connection closed successfully
2025-01-10 22:27:10,667 - INFO - Database connection closed successfully
2025-01-10 22:32:50,550 - INFO - Database connection closed successfully
2025-01-10 22:40:51,819 - INFO - Database connection closed successfully
2025-01-10 22:41:48,122 - INFO - Database connection closed successfully
2025-01-10 22:42:45,097 - INFO - Database connection closed successfully
2025-01-10 22:45:39,789 - INFO - Database connection closed successfully
2025-01-10 22:47:21,084 - INFO - Database connection closed successfully
2025-01-10 23:09:35,871 - INFO - Database connection closed successfully
2025-01-10 23:12:54,040 - INFO - Database connection closed successfully
2025-01-10 23:19:33,799 - INFO - Database connection closed successfully
2025-01-10 23:20:18,018 - INFO - Database connection closed successfully
2025-01-10 23:26:59,114 - INFO - Database connection closed successfully
2025-01-10 23:40:52,366 - INFO - Database connection closed successfully
2025-01-10 23:41:36,911 - INFO - Database connection closed successfully
2025-01-10 23:41:52,965 - INFO - Database connection closed successfully
2025-01-10 23:42:09,071 - INFO - Database connection closed successfully
2025-01-10 23:44:48,625 - INFO - Database connection closed successfully
2025-01-10 23:45:09,519 - INFO - Database connection closed successfully
2025-01-10 23:46:22,866 - INFO - Database connection closed successfully
2025-01-10 23:47:37,550 - INFO - Database connection closed successfully
2025-01-10 23:50:03,056 - INFO - Database connection closed successfully
2025-01-10 23:56:38,987 - INFO - Database connection closed successfully
2025-01-11 22:13:33,184 - INFO - Database connection closed successfully
2025-01-11 22:14:44,246 - INFO - Database connection closed successfully
2025-01-11 22:14:44,246 - INFO - Database connection closed successfully
2025-01-11 22:15:49,066 - ERROR - Error querying data from files WHERE file_path = 'C:\PROGRAM FILES\7-ZIP\7ZFM.EXE' COLLATE NOCASE LIMIT 1: no such table: files
2025-01-11 22:15:49,066 - ERROR - Error querying data from files WHERE file_path = 'C:\PROGRAM FILES\7-ZIP\7ZG.EXE' COLLATE NOCASE LIMIT 1: no such table: files
2025-01-11 22:15:49,066 - ERROR - Error querying data from files WHERE file_path = 'C:\PROGRAM FILES\ADOBE\ACROBAT DC\ACROBAT\ACROBAT.EXE' COLLATE NOCASE LIMIT 1: no such table: files
2025-01-11 22:15:49,066 - ERROR - Error querying data from files WHERE file_path = 'C:\PROGRAM FILES\ADOBE\ACROBAT DC\ACROBAT\ACROBAT.EXE' COLLATE NOCASE LIMIT 1: no such table: files
2025-01-11 22:15:49,066 - ERROR - Error querying data from files WHERE file_path = 'C:\PROGRAM FILES\ADOBE\ACROBAT DC\ACROBAT\ACROCEF_1\ACROCEF.EXE' COLLATE NOCASE LIMIT 1: no such table: files
2025-01-11 22:15:49,082 - ERROR - Error querying data from files WHERE file_path = 'C:\PROGRAM FILES\ADOBE\ACROBAT DC\ACROBAT\ACROCEF_1\ACROCEF.EXE' COLLATE NOCASE LIMIT 1: no such table: files
2025-01-11 22:15:49,082 - ERROR - Error querying data from files WHERE file_path = 'C:\PROGRAM FILES\ADOBE\ACROBAT DC\ACROBAT\ACROCEF_1\ACROCEF.EXE' COLLATE NOCASE LIMIT 1: no such table: files
2025-01-11 22:15:49,082 - ERROR - Error querying data from files WHERE file_path = 'C:\PROGRAM FILES\ADOBE\ACROBAT DC\ACROBAT\ACROCEF_1\ACROCEF.EXE' COLLATE NOCASE LIMIT 1: no such table: files
2025-01-11 22:15:49,082 - ERROR - Error querying data from files WHERE file_path = 'C:\USERS\ADMINISTRATOR\DOWNLOADS\UNCONFIRMED 884962\API MONITOR (ROHITAB.COM)\APIMONITOR-X64.EXE' COLLATE NOCASE LIMIT 1: no such table: files
2025-01-11 22:15:49,082 - ERROR - Error querying data from files WHERE file_path = 'C:\WINDOWS\SYSTEM32\APPLICATIONFRAMEHOST.EXE' COLLATE NOCASE LIMIT 1: no such table: files
2025-01-11 22:15:49,082 - ERROR - Error querying data from files WHERE file_path = 'C:\USERS\ADMINISTRATOR\DESKTOP\SYSINTERNALSSUITE\AUTORUNS.EXE' COLLATE NOCASE LIMIT 1: no such table: files
2025-01-11 22:15:49,082 - ERROR - Error querying data from files WHERE file_path = 'C:\WINDOWS\SYSTEM32\BACKGROUNDTASKHOST.EXE' COLLATE NOCASE LIMIT 1: no such table: files
2025-01-11 22:15:49,082 - ERROR - Error querying data from files WHERE file_path = 'C:\WINDOWS\SYSTEM32\BDEUISRV.EXE' COLLATE NOCASE LIMIT 1: no such table: files
2025-01-11 22:15:49,097 - ERROR - Error querying data from files WHERE file_path = 'C:\PROGRAM FILES\GOOGLE\CHROME\APPLICATION\CHROME.EXE' COLLATE NOCASE LIMIT 1: no such table: files
2025-01-11 22:15:49,097 - ERROR - Error querying data from files WHERE file_path = 'C:\PROGRAM FILES\GOOGLE\CHROME\APPLICATION\CHROME.EXE' COLLATE NOCASE LIMIT 1: no such table: files
2025-01-11 22:15:49,097 - ERROR - Error querying data from files WHERE file_path = 'C:\PROGRAM FILES\GOOGLE\CHROME\APPLICATION\CHROME.EXE' COLLATE NOCASE LIMIT 1: no such table: files
2025-01-11 22:15:49,097 - ERROR - Error querying data from files WHERE file_path = 'C:\PROGRAM FILES\GOOGLE\CHROME\APPLICATION\CHROME.EXE' COLLATE NOCASE LIMIT 1: no such table: files
2025-01-11 22:15:49,097 - ERROR - Error querying data from files WHERE file_path = 'C:\PROGRAM FILES\GOOGLE\CHROME\APPLICATION\CHROME.EXE' COLLATE NOCASE LIMIT 1: no such table: files
2025-01-11 22:15:49,097 - ERROR - Error querying data from files WHERE file_path = 'C:\WINDOWS\SYSTEMAPPS\MICROSOFT.WINDOWS.APPREP.CHXAPP_CW5N1H2TXYEWY\CHXSMARTSCREEN.EXE' COLLATE NOCASE LIMIT 1: no such table: files
2025-01-11 22:15:49,097 - ERROR - Error querying data from files WHERE file_path = 'C:\WINDOWS\SYSTEMAPPS\MICROSOFT.WINDOWS.APPREP.CHXAPP_CW5N1H2TXYEWY\CHXSMARTSCREEN.EXE' COLLATE NOCASE LIMIT 1: no such table: files
2025-01-11 22:15:49,097 - ERROR - Error querying data from files WHERE file_path = 'C:\WINDOWS\SYSTEM32\CLIPUP.EXE' COLLATE NOCASE LIMIT 1: no such table: files
2025-01-11 22:15:49,097 - ERROR - Error querying data from files WHERE file_path = 'C:\WINDOWS\SYSTEM32\CMD.EXE' COLLATE NOCASE LIMIT 1: no such table: files
2025-01-11 22:15:49,113 - ERROR - Error querying data from files WHERE file_path = 'C:\WINDOWS\SYSTEM32\COLORCPL.EXE' COLLATE NOCASE LIMIT 1: no such table: files
2025-01-11 22:15:49,113 - ERROR - Error querying data from files WHERE file_path = 'C:\WINDOWS\SYSTEM32\COMPATTELRUNNER.EXE' COLLATE NOCASE LIMIT 1: no such table: files
2025-01-11 22:15:49,113 - ERROR - Error querying data from files WHERE file_path = 'C:\WINDOWS\SYSTEM32\CONHOST.EXE' COLLATE NOCASE LIMIT 1: no such table: files
2025-01-11 22:15:49,113 - ERROR - Error querying data from files WHERE file_path = 'C:\WINDOWS\SYSTEM32\CREDENTIALUIBROKER.EXE' COLLATE NOCASE LIMIT 1: no such table: files
2025-01-11 22:15:49,113 - ERROR - Error querying data from files WHERE file_path = 'C:\WINDOWS\MICROSOFT.NET\FRAMEWORK64\V4.0.30319\CSC.EXE' COLLATE NOCASE LIMIT 1: no such table: files
2025-01-11 22:15:49,113 - ERROR - Error querying data from files WHERE file_path = 'C:\WINDOWS\MICROSOFT.NET\FRAMEWORK64\V4.0.30319\CVTRES.EXE' COLLATE NOCASE LIMIT 1: no such table: files
2025-01-11 22:15:49,113 - ERROR - Error querying data from files WHERE file_path = 'C:\USERS\ADMINISTRATOR\DESKTOP\DB.BROWSER.FOR.SQLITE-V3.13.1-WIN64\DB BROWSER FOR SQLITE.EXE' COLLATE NOCASE LIMIT 1: no such table: files
2025-01-11 22:15:49,129 - ERROR - Error querying data from files WHERE file_path = 'C:\WINDOWS\SYSTEM32\DRIVERSTORE\FILEREPOSITORY\NVHM.INF_AMD64_AE10454E1CE27BD8\DBINSTALLER.EXE' COLLATE NOCASE LIMIT 1: no such table: files
2025-01-11 22:15:49,129 - ERROR - Error querying data from files WHERE file_path = 'C:\WINDOWS\SYSTEM32\DLLHOST.EXE' COLLATE NOCASE LIMIT 1: no such table: files
2025-01-11 22:15:49,129 - ERROR - Error querying data from files WHERE file_path = 'C:\WINDOWS\SYSTEM32\DLLHOST.EXE' COLLATE NOCASE LIMIT 1: no such table: files
2025-01-11 22:15:49,129 - ERROR - Error querying data from files WHERE file_path = 'C:\WINDOWS\SYSTEM32\DLLHOST.EXE' COLLATE NOCASE LIMIT 1: no such table: files
2025-01-11 22:15:49,129 - ERROR - Error querying data from files WHERE file_path = 'C:\WINDOWS\SYSTEM32\DLLHOST.EXE' COLLATE NOCASE LIMIT 1: no such table: files
2025-01-11 22:15:49,129 - ERROR - Error querying data from files WHERE file_path = 'C:\WINDOWS\SYSTEM32\DLLHOST.EXE' COLLATE NOCASE LIMIT 1: no such table: files
2025-01-11 22:15:49,129 - ERROR - Error querying data from files WHERE file_path = 'C:\WINDOWS\SYSWOW64\DLLHOST.EXE' COLLATE NOCASE LIMIT 1: no such table: files
2025-01-11 22:15:49,129 - ERROR - Error querying data from files WHERE file_path = 'C:\WINDOWS\SYSTEM32\DLLHOST.EXE' COLLATE NOCASE LIMIT 1: no such table: files
2025-01-11 22:15:49,129 - ERROR - Error querying data from files WHERE file_path = 'C:\WINDOWS\SYSTEM32\DLLHOST.EXE' COLLATE NOCASE LIMIT 1: no such table: files
2025-01-11 22:15:49,129 - ERROR - Error querying data from files WHERE file_path = 'C:\PROGRAM FILES (X86)\EVENT LOG EXPLORER\ELEX.EXE' COLLATE NOCASE LIMIT 1: no such table: files
2025-01-11 22:15:49,144 - ERROR - Error querying data from files WHERE file_path = 'C:\WINDOWS\EXPLORER.EXE' COLLATE NOCASE LIMIT 1: no such table: files
2025-01-11 22:15:49,144 - ERROR - Error querying data from files WHERE file_path = 'C:\PROGRAM FILES\FORTINET\FORTICLIENT\FORTICLIENT.EXE' COLLATE NOCASE LIMIT 1: no such table: files
2025-01-11 22:15:49,144 - ERROR - Error querying data from files WHERE file_path = 'C:\USERS\ADMINISTRATOR\DOWNLOADS\FORTICLIENTVPNONLINEINSTALLER.EXE' COLLATE NOCASE LIMIT 1: no such table: files
2025-01-11 22:15:49,144 - ERROR - Error querying data from files WHERE file_path = 'C:\PROGRAM FILES\GIT\MINGW64\BIN\GIT-CREDENTIAL-MANAGER.EXE' COLLATE NOCASE LIMIT 1: no such table: files
2025-01-11 22:15:49,144 - ERROR - Error querying data from files WHERE file_path = 'C:\PROGRAM FILES\GIT\MINGW64\BIN\GIT.EXE' COLLATE NOCASE LIMIT 1: no such table: files
2025-01-11 22:15:49,144 - ERROR - Error querying data from files WHERE file_path = 'C:\PROGRAM FILES\GIT\CMD\GIT.EXE' COLLATE NOCASE LIMIT 1: no such table: files
2025-01-11 22:15:49,144 - ERROR - Error querying data from files WHERE file_path = 'C:\PROGRAM FILES\NOTEPAD++\UPDATER\GUP.EXE' COLLATE NOCASE LIMIT 1: no such table: files
2025-01-11 22:15:49,144 - ERROR - Error querying data from files WHERE file_path = 'C:\PROGRAM FILES\HXD\HXD.EXE' COLLATE NOCASE LIMIT 1: no such table: files
2025-01-11 22:15:49,144 - ERROR - Error querying data from files WHERE file_path = 'C:\USERS\ADMINISTRATOR\DOWNLOADS\MEDIACREATIONTOOL22H2.EXE' COLLATE NOCASE LIMIT 1: no such table: files
2025-01-11 22:15:49,160 - ERROR - Error querying data from files WHERE file_path = 'C:\PROGRAM FILES (X86)\MICROSOFT\EDGEUPDATE\MICROSOFTEDGEUPDATE.EXE' COLLATE NOCASE LIMIT 1: no such table: files
2025-01-11 22:15:49,160 - ERROR - Error querying data from files WHERE file_path = 'C:\WINDOWS\SYSTEM32\MMC.EXE' COLLATE NOCASE LIMIT 1: no such table: files
2025-01-11 22:15:49,160 - ERROR - Error querying data from files WHERE file_path = 'C:\WINDOWS\SYSTEM32\MMC.EXE' COLLATE NOCASE LIMIT 1: no such table: files
2025-01-11 22:15:49,160 - ERROR - Error querying data from files WHERE file_path = 'C:\WINDOWS\SYSTEM32\MMC.EXE' COLLATE NOCASE LIMIT 1: no such table: files
2025-01-11 22:15:49,160 - ERROR - Error querying data from files WHERE file_path = 'C:\WINDOWS\SYSTEM32\MOUSOCOREWORKER.EXE' COLLATE NOCASE LIMIT 1: no such table: files
2025-01-11 22:15:49,160 - ERROR - Error querying data from files WHERE file_path = 'C:\PROGRAMDATA\MICROSOFT\WINDOWS DEFENDER\PLATFORM\4.18.24090.11-0\MPCMDRUN.EXE' COLLATE NOCASE LIMIT 1: no such table: files
2025-01-11 22:15:49,160 - ERROR - Error querying data from files WHERE file_path = 'C:\WINDOWS\SYSTEM32\MPSIGSTUB.EXE' COLLATE NOCASE LIMIT 1: no such table: files
2025-01-11 22:15:49,176 - ERROR - Error querying data from files WHERE file_path = 'C:\PROGRAM FILES (X86)\MICROSOFT\EDGE\APPLICATION\MSEDGE.EXE' COLLATE NOCASE LIMIT 1: no such table: files
2025-01-11 22:15:49,176 - ERROR - Error querying data from files WHERE file_path = 'C:\PROGRAM FILES (X86)\MICROSOFT\EDGE\APPLICATION\MSEDGE.EXE' COLLATE NOCASE LIMIT 1: no such table: files
2025-01-11 22:15:49,176 - ERROR - Error querying data from files WHERE file_path = 'C:\PROGRAM FILES (X86)\MICROSOFT\EDGE\APPLICATION\MSEDGE.EXE' COLLATE NOCASE LIMIT 1: no such table: files
2025-01-11 22:15:49,176 - ERROR - Error querying data from files WHERE file_path = 'C:\PROGRAM FILES (X86)\MICROSOFT\EDGE\APPLICATION\MSEDGE.EXE' COLLATE NOCASE LIMIT 1: no such table: files
2025-01-11 22:15:49,176 - ERROR - Error querying data from files WHERE file_path = 'C:\PROGRAM FILES (X86)\MICROSOFT\EDGE\APPLICATION\MSEDGE.EXE' COLLATE NOCASE LIMIT 1: no such table: files
2025-01-11 22:15:49,176 - ERROR - Error querying data from files WHERE file_path = 'C:\WINDOWS\SYSTEM32\MSTSC.EXE' COLLATE NOCASE LIMIT 1: no such table: files
2025-01-11 22:15:49,176 - ERROR - Error querying data from files WHERE file_path = 'C:\PROGRAM FILES\NOTEPAD++\NOTEPAD++.EXE' COLLATE NOCASE LIMIT 1: no such table: files
2025-01-11 22:15:49,191 - ERROR - Error querying data from files WHERE file_path = 'C:\WINDOWS\SYSTEM32\NOTEPAD.EXE' COLLATE NOCASE LIMIT 1: no such table: files
2025-01-11 22:15:49,191 - ERROR - Error querying data from files WHERE file_path = 'C:\PROGRAM FILES\WIRESHARK\NPCAP-1.79.EXE' COLLATE NOCASE LIMIT 1: no such table: files
2025-01-11 22:15:49,191 - ERROR - Error querying data from files WHERE file_path = 'C:\PROGRAM FILES\NPCAP\NPFINSTALL.EXE' COLLATE NOCASE LIMIT 1: no such table: files
2025-01-11 22:15:49,191 - ERROR - Error querying data from files WHERE file_path = 'C:\USERS\ADMINISTRATOR\DOWNLOADS\NPP.8.6.7.INSTALLER.X64.EXE' COLLATE NOCASE LIMIT 1: no such table: files
2025-01-11 22:15:49,191 - ERROR - Error querying data from files WHERE file_path = 'C:\USERS\ADMINISTRATOR\APPDATA\LOCAL\TEMP\NPP.8.7.INSTALLER.X64.EXE' COLLATE NOCASE LIMIT 1: no such table: files
2025-01-11 22:15:49,191 - ERROR - Error querying data from files WHERE file_path = 'C:\USERS\ADMINISTRATOR\APPDATA\LOCAL\MICROSOFT\ONEDRIVE\ONEDRIVE.EXE' COLLATE NOCASE LIMIT 1: no such table: files
2025-01-11 22:15:49,191 - ERROR - Error querying data from files WHERE file_path = 'C:\WINDOWS\SYSTEMAPPS\MICROSOFT.WINDOWS.OOBENETWORKCONNECTIONFLOW_CW5N1H2TXYEWY\OOBENETWORKCONNECTIONFLOW.EXE' COLLATE NOCASE LIMIT 1: no such table: files
2025-01-11 22:15:49,191 - ERROR - Error querying data from files WHERE file_path = 'C:\WINDOWS\SYSTEM32\OPENWITH.EXE' COLLATE NOCASE LIMIT 1: no such table: files
2025-01-11 22:15:49,191 - ERROR - Error querying data from files WHERE file_path = 'C:\WINDOWS\SYSTEM32\WINDOWSPOWERSHELL\V1.0\POWERSHELL.EXE' COLLATE NOCASE LIMIT 1: no such table: files
2025-01-11 22:15:49,191 - ERROR - Error querying data from files WHERE file_path = 'C:\WINDOWS\SYSTEM32\PREVHOST.EXE' COLLATE NOCASE LIMIT 1: no such table: files
2025-01-11 22:15:49,207 - ERROR - Error querying data from files WHERE file_path = 'C:\USERS\ADMINISTRATOR\DESKTOP\PROCESSHACKER\X64\PROCESSHACKER.EXE' COLLATE NOCASE LIMIT 1: no such table: files
2025-01-11 22:15:49,207 - ERROR - Error querying data from files WHERE file_path = 'C:\USERS\ADMINISTRATOR\APPDATA\LOCAL\TEMP\PROCEXP64.EXE' COLLATE NOCASE LIMIT 1: no such table: files
2025-01-11 22:15:49,207 - ERROR - Error querying data from files WHERE file_path = 'C:\USERS\ADMINISTRATOR\DESKTOP\SYSINTERNALSSUITE\PROCEXP64.EXE' COLLATE NOCASE LIMIT 1: no such table: files
2025-01-11 22:15:49,207 - ERROR - Error querying data from files WHERE file_path = 'C:\USERS\ADMINISTRATOR\DESKTOP\SYSINTERNALSSUITE\PROCMON.EXE' COLLATE NOCASE LIMIT 1: no such table: files
2025-01-11 22:15:49,207 - ERROR - Error querying data from files WHERE file_path = 'C:\USERS\ADMINISTRATOR\APPDATA\LOCAL\TEMP\PROCMON64.EXE' COLLATE NOCASE LIMIT 1: no such table: files
2025-01-11 22:15:49,207 - ERROR - Error querying data from files WHERE file_path = 'C:\WINDOWS\REGEDIT.EXE' COLLATE NOCASE LIMIT 1: no such table: files
2025-01-11 22:15:49,207 - ERROR - Error querying data from files WHERE file_path = 'C:\PROGRAM FILES\REALTEK\AUDIO\HDA\RTKNGUI64.EXE' COLLATE NOCASE LIMIT 1: no such table: files
2025-01-11 22:15:49,207 - ERROR - Error querying data from files WHERE file_path = 'C:\WINDOWS\SYSTEM32\RUNDLL32.EXE' COLLATE NOCASE LIMIT 1: no such table: files
2025-01-11 22:15:49,222 - ERROR - Error querying data from files WHERE file_path = 'C:\WINDOWS\SYSWOW64\RUNONCE.EXE' COLLATE NOCASE LIMIT 1: no such table: files
2025-01-11 22:15:49,222 - ERROR - Error querying data from files WHERE file_path = 'C:\WINDOWS\SYSTEM32\RUNTIMEBROKER.EXE' COLLATE NOCASE LIMIT 1: no such table: files
2025-01-11 22:15:49,222 - ERROR - Error querying data from files WHERE file_path = 'C:\WINDOWS\SYSTEM32\RUNTIMEBROKER.EXE' COLLATE NOCASE LIMIT 1: no such table: files
2025-01-11 22:15:49,222 - ERROR - Error querying data from files WHERE file_path = 'C:\WINDOWS\SYSTEM32\RUNTIMEBROKER.EXE' COLLATE NOCASE LIMIT 1: no such table: files
2025-01-11 22:15:49,222 - ERROR - Error querying data from files WHERE file_path = 'C:\WINDOWS\SYSTEM32\RUNTIMEBROKER.EXE' COLLATE NOCASE LIMIT 1: no such table: files
2025-01-11 22:15:49,222 - ERROR - Error querying data from files WHERE file_path = 'C:\WINDOWS\SYSTEM32\RUNTIMEBROKER.EXE' COLLATE NOCASE LIMIT 1: no such table: files
2025-01-11 22:15:49,222 - ERROR - Error querying data from files WHERE file_path = 'C:\WINDOWS\SYSTEMAPPS\MICROSOFT.WINDOWS.SEARCH_CW5N1H2TXYEWY\SEARCHAPP.EXE' COLLATE NOCASE LIMIT 1: no such table: files
2025-01-11 22:15:49,222 - ERROR - Error querying data from files WHERE file_path = 'C:\WINDOWS\SYSTEMAPPS\MICROSOFT.WINDOWS.SEARCH_CW5N1H2TXYEWY\SEARCHAPP.EXE' COLLATE NOCASE LIMIT 1: no such table: files
2025-01-11 22:15:49,238 - ERROR - Error querying data from files WHERE file_path = 'C:\WINDOWS\SYSTEMAPPS\MICROSOFT.WINDOWS.SEARCH_CW5N1H2TXYEWY\SEARCHAPP.EXE' COLLATE NOCASE LIMIT 1: no such table: files
2025-01-11 22:15:49,238 - ERROR - Error querying data from files WHERE file_path = 'C:\WINDOWS\SYSTEMAPPS\MICROSOFT.WINDOWS.SEARCH_CW5N1H2TXYEWY\SEARCHAPP.EXE' COLLATE NOCASE LIMIT 1: no such table: files
2025-01-11 22:15:49,238 - ERROR - Error querying data from files WHERE file_path = 'C:\WINDOWS\SYSTEMAPPS\MICROSOFT.WINDOWS.SEARCH_CW5N1H2TXYEWY\SEARCHAPP.EXE' COLLATE NOCASE LIMIT 1: no such table: files
2025-01-11 22:15:49,238 - ERROR - Error querying data from files WHERE file_path = 'C:\WINDOWS\SYSTEMAPPS\MICROSOFT.WINDOWS.SEARCH_CW5N1H2TXYEWY\SEARCHAPP.EXE' COLLATE NOCASE LIMIT 1: no such table: files
2025-01-11 22:15:49,238 - ERROR - Error querying data from files WHERE file_path = 'C:\WINDOWS\SYSTEMAPPS\MICROSOFT.WINDOWS.SEARCH_CW5N1H2TXYEWY\SEARCHAPP.EXE' COLLATE NOCASE LIMIT 1: no such table: files
2025-01-11 22:15:49,238 - ERROR - Error querying data from files WHERE file_path = 'C:\WINDOWS\SYSTEMAPPS\MICROSOFT.WINDOWS.SEARCH_CW5N1H2TXYEWY\SEARCHAPP.EXE' COLLATE NOCASE LIMIT 1: no such table: files
2025-01-11 22:15:49,238 - ERROR - Error querying data from files WHERE file_path = 'C:\WINDOWS\SYSTEM32\SEARCHFILTERHOST.EXE' COLLATE NOCASE LIMIT 1: no such table: files
2025-01-11 22:15:49,238 - ERROR - Error querying data from files WHERE file_path = 'C:\WINDOWS\SYSTEM32\SEARCHPROTOCOLHOST.EXE' COLLATE NOCASE LIMIT 1: no such table: files
2025-01-11 22:15:49,238 - ERROR - Error querying data from files WHERE file_path = 'C:\WINDOWS\SYSTEMAPPS\MICROSOFT.WINDOWS.SECHEALTHUI_CW5N1H2TXYEWY\SECHEALTHUI.EXE' COLLATE NOCASE LIMIT 1: no such table: files
2025-01-11 22:15:49,238 - ERROR - Error querying data from files WHERE file_path = 'C:\WINDOWS\SYSTEM32\SECURITYHEALTHSERVICE.EXE' COLLATE NOCASE LIMIT 1: no such table: files
2025-01-11 22:15:49,254 - ERROR - Error querying data from files WHERE file_path = 'C:\WINDOWS\SYSTEM32\SECURITYHEALTHSYSTRAY.EXE' COLLATE NOCASE LIMIT 1: no such table: files
2025-01-11 22:15:49,254 - ERROR - Error querying data from files WHERE file_path = 'C:\PROGRAM FILES\COMMON FILES\ADOBE\ACROBAT\SETUP\{AC76BA86-1033-1033-7760-BC15014EA700}\SETUP.EXE' COLLATE NOCASE LIMIT 1: no such table: files
2025-01-11 22:15:49,254 - ERROR - Error querying data from files WHERE file_path = 'C:\WINDOWS\SYSTEM32\SGRMBROKER.EXE' COLLATE NOCASE LIMIT 1: no such table: files
2025-01-11 22:15:49,254 - ERROR - Error querying data from files WHERE file_path = 'C:\WINDOWS\SYSTEMAPPS\SHELLEXPERIENCEHOST_CW5N1H2TXYEWY\SHELLEXPERIENCEHOST.EXE' COLLATE NOCASE LIMIT 1: no such table: files
2025-01-11 22:15:49,254 - ERROR - Error querying data from files WHERE file_path = 'C:\WINDOWS\SYSTEMAPPS\SHELLEXPERIENCEHOST_CW5N1H2TXYEWY\SHELLEXPERIENCEHOST.EXE' COLLATE NOCASE LIMIT 1: no such table: files
2025-01-11 22:15:49,254 - ERROR - Error querying data from files WHERE file_path = 'C:\WINDOWS\SYSTEMAPPS\SHELLEXPERIENCEHOST_CW5N1H2TXYEWY\SHELLEXPERIENCEHOST.EXE' COLLATE NOCASE LIMIT 1: no such table: files
2025-01-11 22:15:49,254 - ERROR - Error querying data from files WHERE file_path = 'C:\WINDOWS\SYSTEMAPPS\SHELLEXPERIENCEHOST_CW5N1H2TXYEWY\SHELLEXPERIENCEHOST.EXE' COLLATE NOCASE LIMIT 1: no such table: files
2025-01-11 22:15:49,254 - ERROR - Error querying data from files WHERE file_path = 'C:\WINDOWS\SYSTEMAPPS\SHELLEXPERIENCEHOST_CW5N1H2TXYEWY\SHELLEXPERIENCEHOST.EXE' COLLATE NOCASE LIMIT 1: no such table: files
2025-01-11 22:15:49,254 - ERROR - Error querying data from files WHERE file_path = 'C:\WINDOWS\SYSTEMAPPS\SHELLEXPERIENCEHOST_CW5N1H2TXYEWY\SHELLEXPERIENCEHOST.EXE' COLLATE NOCASE LIMIT 1: no such table: files
2025-01-11 22:15:49,269 - ERROR - Error querying data from files WHERE file_path = 'C:\USERS\ADMINISTRATOR\DESKTOP\SYSINTERNALSSUITE\SIGCHECK.EXE' COLLATE NOCASE LIMIT 1: no such table: files
2025-01-11 22:15:49,269 - ERROR - Error querying data from files WHERE file_path = 'C:\WINDOWS\SYSTEM32\SIHCLIENT.EXE' COLLATE NOCASE LIMIT 1: no such table: files
2025-01-11 22:15:49,269 - ERROR - Error querying data from files WHERE file_path = 'C:\WINDOWS\SYSTEM32\SIHOST.EXE' COLLATE NOCASE LIMIT 1: no such table: files
2025-01-11 22:15:49,269 - ERROR - Error querying data from files WHERE file_path = 'C:\WINDOWS\SYSTEM32\SMARTSCREEN.EXE' COLLATE NOCASE LIMIT 1: no such table: files
2025-01-11 22:15:49,269 - ERROR - Error querying data from files WHERE file_path = 'C:\WINDOWS\SYSTEM32\SNIPPINGTOOL.EXE' COLLATE NOCASE LIMIT 1: no such table: files
2025-01-11 22:15:49,269 - ERROR - Error querying data from files WHERE file_path = 'C:\WINDOWS\SYSTEM32\SPPSVC.EXE' COLLATE NOCASE LIMIT 1: no such table: files
2025-01-11 22:15:49,269 - ERROR - Error querying data from files WHERE file_path = 'C:\WINDOWS\SYSTEMAPPS\MICROSOFT.WINDOWS.STARTMENUEXPERIENCEHOST_CW5N1H2TXYEWY\STARTMENUEXPERIENCEHOST.EXE' COLLATE NOCASE LIMIT 1: no such table: files
2025-01-11 22:15:49,269 - ERROR - Error querying data from files WHERE file_path = 'C:\WINDOWS\SYSTEMAPPS\MICROSOFT.WINDOWS.STARTMENUEXPERIENCEHOST_CW5N1H2TXYEWY\STARTMENUEXPERIENCEHOST.EXE' COLLATE NOCASE LIMIT 1: no such table: files
2025-01-11 22:15:49,269 - ERROR - Error querying data from files WHERE file_path = 'C:\WINDOWS\SYSTEMAPPS\MICROSOFT.WINDOWS.STARTMENUEXPERIENCEHOST_CW5N1H2TXYEWY\STARTMENUEXPERIENCEHOST.EXE' COLLATE NOCASE LIMIT 1: no such table: files
2025-01-11 22:15:49,285 - ERROR - Error querying data from files WHERE file_path = 'C:\WINDOWS\SYSTEMAPPS\MICROSOFT.WINDOWS.STARTMENUEXPERIENCEHOST_CW5N1H2TXYEWY\STARTMENUEXPERIENCEHOST.EXE' COLLATE NOCASE LIMIT 1: no such table: files
2025-01-11 22:15:49,285 - ERROR - Error querying data from files WHERE file_path = 'C:\WINDOWS\SYSTEM32\SVCHOST.EXE' COLLATE NOCASE LIMIT 1: no such table: files
2025-01-11 22:15:49,285 - ERROR - Error querying data from files WHERE file_path = 'C:\WINDOWS\SYSTEM32\SVCHOST.EXE' COLLATE NOCASE LIMIT 1: no such table: files
2025-01-11 22:15:49,285 - ERROR - Error querying data from files WHERE file_path = 'C:\WINDOWS\SYSTEM32\SVCHOST.EXE' COLLATE NOCASE LIMIT 1: no such table: files
2025-01-11 22:15:49,285 - ERROR - Error querying data from files WHERE file_path = 'C:\WINDOWS\SYSTEM32\SVCHOST.EXE' COLLATE NOCASE LIMIT 1: no such table: files
2025-01-11 22:15:49,285 - ERROR - Error querying data from files WHERE file_path = 'C:\WINDOWS\SYSTEM32\SVCHOST.EXE' COLLATE NOCASE LIMIT 1: no such table: files
2025-01-11 22:15:49,285 - ERROR - Error querying data from files WHERE file_path = 'C:\WINDOWS\SYSTEM32\SVCHOST.EXE' COLLATE NOCASE LIMIT 1: no such table: files
2025-01-11 22:15:49,285 - ERROR - Error querying data from files WHERE file_path = 'C:\WINDOWS\SYSTEM32\SVCHOST.EXE' COLLATE NOCASE LIMIT 1: no such table: files
2025-01-11 22:15:49,285 - ERROR - Error querying data from files WHERE file_path = 'C:\WINDOWS\SYSTEM32\SVCHOST.EXE' COLLATE NOCASE LIMIT 1: no such table: files
2025-01-11 22:15:49,300 - ERROR - Error querying data from files WHERE file_path = 'C:\WINDOWS\SYSTEM32\SVCHOST.EXE' COLLATE NOCASE LIMIT 1: no such table: files
2025-01-11 22:15:49,300 - ERROR - Error querying data from files WHERE file_path = 'C:\WINDOWS\SYSTEM32\SVCHOST.EXE' COLLATE NOCASE LIMIT 1: no such table: files
2025-01-11 22:15:49,300 - ERROR - Error querying data from files WHERE file_path = 'C:\WINDOWS\SYSTEM32\SVCHOST.EXE' COLLATE NOCASE LIMIT 1: no such table: files
2025-01-11 22:15:49,300 - ERROR - Error querying data from files WHERE file_path = 'C:\WINDOWS\SYSTEM32\SVCHOST.EXE' COLLATE NOCASE LIMIT 1: no such table: files
2025-01-11 22:15:49,300 - ERROR - Error querying data from files WHERE file_path = 'C:\WINDOWS\SYSTEM32\SVCHOST.EXE' COLLATE NOCASE LIMIT 1: no such table: files
2025-01-11 22:15:49,300 - ERROR - Error querying data from files WHERE file_path = 'C:\WINDOWS\SYSTEM32\SVCHOST.EXE' COLLATE NOCASE LIMIT 1: no such table: files
2025-01-11 22:15:49,300 - ERROR - Error querying data from files WHERE file_path = 'C:\WINDOWS\SYSTEM32\SVCHOST.EXE' COLLATE NOCASE LIMIT 1: no such table: files
2025-01-11 22:15:49,300 - ERROR - Error querying data from files WHERE file_path = 'C:\WINDOWS\SYSTEM32\SVCHOST.EXE' COLLATE NOCASE LIMIT 1: no such table: files
2025-01-11 22:15:49,300 - ERROR - Error querying data from files WHERE file_path = 'C:\WINDOWS\SYSTEM32\SVCHOST.EXE' COLLATE NOCASE LIMIT 1: no such table: files
2025-01-11 22:15:49,300 - ERROR - Error querying data from files WHERE file_path = 'C:\WINDOWS\SYSTEM32\SVCHOST.EXE' COLLATE NOCASE LIMIT 1: no such table: files
2025-01-11 22:15:49,316 - ERROR - Error querying data from files WHERE file_path = 'C:\WINDOWS\SYSTEM32\SVCHOST.EXE' COLLATE NOCASE LIMIT 1: no such table: files
2025-01-11 22:15:49,316 - ERROR - Error querying data from files WHERE file_path = 'C:\WINDOWS\SYSTEM32\SVCHOST.EXE' COLLATE NOCASE LIMIT 1: no such table: files
2025-01-11 22:15:49,316 - ERROR - Error querying data from files WHERE file_path = 'C:\WINDOWS\SYSTEM32\SVCHOST.EXE' COLLATE NOCASE LIMIT 1: no such table: files
2025-01-11 22:15:49,316 - ERROR - Error querying data from files WHERE file_path = 'C:\WINDOWS\SYSTEM32\SVCHOST.EXE' COLLATE NOCASE LIMIT 1: no such table: files
2025-01-11 22:15:49,316 - ERROR - Error querying data from files WHERE file_path = 'C:\WINDOWS\SYSTEM32\SVCHOST.EXE' COLLATE NOCASE LIMIT 1: no such table: files
2025-01-11 22:15:49,332 - ERROR - Error querying data from files WHERE file_path = 'C:\PROGRAM FILES\SYNAPTICS\SYNTP\SYNTPENH.EXE' COLLATE NOCASE LIMIT 1: no such table: files
2025-01-11 22:15:49,332 - ERROR - Error querying data from files WHERE file_path = 'C:\WINDOWS\SYSTEM32\SYSTEMPROPERTIESADVANCED.EXE' COLLATE NOCASE LIMIT 1: no such table: files
2025-01-11 22:15:49,332 - ERROR - Error querying data from files WHERE file_path = 'C:\WINDOWS\SYSTEM32\SYSTEMPROPERTIESPROTECTION.EXE' COLLATE NOCASE LIMIT 1: no such table: files
2025-01-11 22:15:49,332 - ERROR - Error querying data from files WHERE file_path = 'C:\WINDOWS\IMMERSIVECONTROLPANEL\SYSTEMSETTINGS.EXE' COLLATE NOCASE LIMIT 1: no such table: files
2025-01-11 22:15:49,332 - ERROR - Error querying data from files WHERE file_path = 'C:\WINDOWS\SYSTEM32\SYSTEMSETTINGSADMINFLOWS.EXE' COLLATE NOCASE LIMIT 1: no such table: files
2025-01-11 22:15:49,332 - ERROR - Error querying data from files WHERE file_path = 'C:\WINDOWS\SYSTEM32\TASKHOSTW.EXE' COLLATE NOCASE LIMIT 1: no such table: files
2025-01-11 22:15:49,332 - ERROR - Error querying data from files WHERE file_path = 'C:\WINDOWS\SYSTEM32\TASKMGR.EXE' COLLATE NOCASE LIMIT 1: no such table: files
2025-01-11 22:15:49,332 - ERROR - Error querying data from files WHERE file_path = 'C:\USERS\ADMINISTRATOR\APPDATA\LOCAL\MICROSOFT\TEAMS\CURRENT\TEAMS.EXE' COLLATE NOCASE LIMIT 1: no such table: files
2025-01-11 22:15:49,347 - ERROR - Error querying data from files WHERE file_path = 'C:\USERS\ADMINISTRATOR\APPDATA\LOCAL\MICROSOFT\TEAMS\CURRENT\TEAMS.EXE' COLLATE NOCASE LIMIT 1: no such table: files
2025-01-11 22:15:49,347 - ERROR - Error querying data from files WHERE file_path = 'C:\WINDOWS\SYSTEMAPPS\MICROSOFTWINDOWS.CLIENT.CBS_CW5N1H2TXYEWY\TEXTINPUTHOST.EXE' COLLATE NOCASE LIMIT 1: no such table: files
2025-01-11 22:15:49,347 - ERROR - Error querying data from files WHERE file_path = 'C:\WINDOWS\SYSTEMAPPS\MICROSOFTWINDOWS.CLIENT.CBS_CW5N1H2TXYEWY\TEXTINPUTHOST.EXE' COLLATE NOCASE LIMIT 1: no such table: files
2025-01-11 22:15:49,347 - ERROR - Error querying data from files WHERE file_path = 'C:\WINDOWS\SYSTEMAPPS\MICROSOFTWINDOWS.CLIENT.CBS_CW5N1H2TXYEWY\TEXTINPUTHOST.EXE' COLLATE NOCASE LIMIT 1: no such table: files
2025-01-11 22:15:49,347 - ERROR - Error querying data from files WHERE file_path = 'C:\WINDOWS\SYSTEMAPPS\MICROSOFTWINDOWS.CLIENT.CBS_CW5N1H2TXYEWY\TEXTINPUTHOST.EXE' COLLATE NOCASE LIMIT 1: no such table: files
2025-01-11 22:15:49,347 - ERROR - Error querying data from files WHERE file_path = 'C:\WINDOWS\SYSTEMAPPS\MICROSOFTWINDOWS.CLIENT.CBS_CW5N1H2TXYEWY\TEXTINPUTHOST.EXE' COLLATE NOCASE LIMIT 1: no such table: files
2025-01-11 22:15:49,347 - ERROR - Error querying data from files WHERE file_path = 'C:\USERS\ADMINISTRATOR\DESKTOP\TIMELINEEXPLORER\TIMELINEEXPLORER.EXE' COLLATE NOCASE LIMIT 1: no such table: files
2025-01-11 22:15:49,347 - ERROR - Error querying data from files WHERE file_path = 'C:\WINDOWS\WINSXS\AMD64_MICROSOFT-WINDOWS-SERVICINGSTACK_31BF3856AD364E35_10.0.19041.5071_NONE_7E3C4E707C6A2679\TIWORKER.EXE' COLLATE NOCASE LIMIT 1: no such table: files
2025-01-11 22:15:49,363 - ERROR - Error querying data from files WHERE file_path = 'C:\WINDOWS\SERVICING\TRUSTEDINSTALLER.EXE' COLLATE NOCASE LIMIT 1: no such table: files
2025-01-11 22:15:49,363 - ERROR - Error querying data from files WHERE file_path = 'C:\PROGRAM FILES\MICROSOFT UPDATE HEALTH TOOLS\UHSSVC.EXE' COLLATE NOCASE LIMIT 1: no such table: files
2025-01-11 22:15:49,363 - ERROR - Error querying data from files WHERE file_path = 'C:\PROGRAM FILES (X86)\EVENT LOG EXPLORER\UNINS000.EXE' COLLATE NOCASE LIMIT 1: no such table: files
2025-01-11 22:15:49,363 - ERROR - Error querying data from files WHERE file_path = 'C:\USERS\ADMINISTRATOR\APPDATA\LOCAL\SQUIRRELTEMP\UPDATE.EXE' COLLATE NOCASE LIMIT 1: no such table: files
2025-01-11 22:15:49,363 - ERROR - Error querying data from files WHERE file_path = 'C:\PROGRAM FILES\FORTINET\FORTICLIENT\UPDATE_TASK.EXE' COLLATE NOCASE LIMIT 1: no such table: files
2025-01-11 22:15:49,363 - ERROR - Error querying data from files WHERE file_path = 'C:\WINDOWS\SYSTEM32\USERACCOUNTCONTROLSETTINGS.EXE' COLLATE NOCASE LIMIT 1: no such table: files
2025-01-11 22:15:49,363 - ERROR - Error querying data from files WHERE file_path = 'C:\WINDOWS\SYSTEM32\OOBE\USEROOBEBROKER.EXE' COLLATE NOCASE LIMIT 1: no such table: files
2025-01-11 22:15:49,363 - ERROR - Error querying data from files WHERE file_path = 'C:\WINDOWS\SYSTEM32\USOCLIENT.EXE' COLLATE NOCASE LIMIT 1: no such table: files
2025-01-11 22:15:49,379 - ERROR - Error querying data from files WHERE file_path = 'C:\PROGRAM FILES (X86)\VMWARE\VMWARE WORKSTATION\VMWARE.EXE' COLLATE NOCASE LIMIT 1: no such table: files
2025-01-11 22:15:49,379 - ERROR - Error querying data from files WHERE file_path = 'C:\PROGRAM FILES (X86)\VMWARE\VMWARE WORKSTATION\VNETLIB64.EXE' COLLATE NOCASE LIMIT 1: no such table: files
2025-01-11 22:15:49,379 - ERROR - Error querying data from files WHERE file_path = 'C:\PROGRAM FILES (X86)\COMMON FILES\VMWARE\USB\VNETLIB64.EXE' COLLATE NOCASE LIMIT 1: no such table: files
2025-01-11 22:15:49,379 - ERROR - Error querying data from files WHERE file_path = 'C:\WINDOWS\WINSXS\AMD64_MICROSOFT-WINDOWS-WINVER_31BF3856AD364E35_10.0.19041.1_NONE_6C428BC03BD6600A\WINVER.EXE' COLLATE NOCASE LIMIT 1: no such table: files
2025-01-11 22:15:49,379 - ERROR - Error querying data from files WHERE file_path = 'C:\PROGRAM FILES\WIRESHARK\WIRESHARK.EXE' COLLATE NOCASE LIMIT 1: no such table: files
2025-01-11 22:15:49,379 - ERROR - Error querying data from files WHERE file_path = 'C:\WINDOWS\SYSTEM32\WLRMDR.EXE' COLLATE NOCASE LIMIT 1: no such table: files
2025-01-11 22:15:49,379 - ERROR - Error querying data from files WHERE file_path = 'C:\WINDOWS\SYSTEM32\WBEM\WMIADAP.EXE' COLLATE NOCASE LIMIT 1: no such table: files
2025-01-11 22:15:49,379 - ERROR - Error querying data from files WHERE file_path = 'C:\WINDOWS\SYSTEM32\WBEM\WMIPRVSE.EXE' COLLATE NOCASE LIMIT 1: no such table: files
2025-01-11 22:15:49,379 - ERROR - Error querying data from files WHERE file_path = 'C:\PROGRAM FILES\WINDOWS NT\ACCESSORIES\WORDPAD.EXE' COLLATE NOCASE LIMIT 1: no such table: files
2025-01-11 22:15:49,394 - ERROR - Error querying data from files WHERE file_path = 'C:\WINDOWS\SYSTEM32\WSCRIPT.EXE' COLLATE NOCASE LIMIT 1: no such table: files
2025-01-11 22:15:49,394 - ERROR - Error querying data from files WHERE file_path = 'C:\WINDOWS\SYSTEM32\WSL.EXE' COLLATE NOCASE LIMIT 1: no such table: files
2025-01-11 22:15:49,394 - ERROR - Error querying data from files WHERE file_path = 'C:\WINDOWS\SYSTEM32\WUAUCLT.EXE' COLLATE NOCASE LIMIT 1: no such table: files
2025-01-11 22:15:49,394 - ERROR - Error querying data from files WHERE file_path = 'C:\WINDOWS\SYSTEM32\WWAHOST.EXE' COLLATE NOCASE LIMIT 1: no such table: files
2025-01-11 22:15:49,394 - ERROR - Error querying data from files WHERE file_path = 'C:\WINDOWS\SYSTEM32\WWAHOST.EXE' COLLATE NOCASE LIMIT 1: no such table: files
2025-01-11 22:15:49,394 - ERROR - Error querying data from files WHERE file_path = 'C:\USERS\ADMINISTRATOR\APPDATA\LOCAL\TEMP\_IU14D2N.TMP' COLLATE NOCASE LIMIT 1: no such table: files
2025-01-11 22:15:49,410 - INFO - Database connection closed successfully
2025-01-11 22:15:49,410 - INFO - Database connection closed successfully
2025-01-11 22:26:37,656 - INFO - Database connection closed successfully
2025-01-11 22:26:37,656 - INFO - Database connection closed successfully
2025-01-11 22:47:56,522 - INFO - Database connection initialized successfully
2025-01-11 22:47:56,538 - INFO - Database connection closed successfully
2025-01-11 22:47:56,538 - INFO - Database connection closed successfully
2025-01-11 22:53:30,800 - INFO - Database connection closed successfully
2025-01-11 22:54:07,016 - INFO - Database connection initialized successfully
2025-01-11 22:54:10,780 - INFO - Database connection closed successfully
2025-01-11 22:54:10,780 - INFO - Database connection closed successfully
