2025-02-15 22:42:05,561 - ERROR - Error during analysis: 'str' object has no attribute 'get'
2025-02-16 22:23:45,892 - INFO - Analysis complete. Results written to ../../Triage/prefetch_analysis_report.csv
2025-02-16 22:34:05,674 - INFO - Analysis complete. Results written to ../../Triage/prefetch_analysis_report.csv
2025-02-16 22:34:57,081 - INFO - Analysis complete. Results written to ../../Triage/prefetch_analysis_report.csv
2025-02-17 00:03:14,559 - ERROR - Error initializing database connection: prefetch_analyzer/data/signatures.db unable to open database file
2025-02-17 00:03:44,230 - ERROR - Error initializing database connection: prefetch_analyzer/data/signatures.db unable to open database file
2025-02-17 00:06:45,612 - ERROR - Error initializing database connection: ../../data/signatures.db unable to open database file
2025-02-17 00:15:21,210 - ERROR - Error initializing database connection: /home/ihakami/workspace/data/signatures.db unable to open database file
2025-02-17 00:17:22,097 - ERROR - Error initializing database connection: /home/ihakami/workspace/data/signatures.db unable to open database file
2025-02-17 00:29:06,705 - INFO - Database connection initialized successfully
2025-02-17 00:29:06,738 - INFO - Database connection closed successfully
2025-02-17 00:32:36,614 - INFO - Database connection initialized successfully
2025-02-17 00:32:36,614 - INFO - Analysis complete. Results written to ../../Triage/prefetch_analysis_report.csv
2025-02-17 00:32:36,615 - INFO - Database connection closed successfully
2025-02-17 21:39:43,203 - INFO - Database connection initialized successfully
2025-02-17 21:39:43,203 - INFO - Analysis complete. Results written to ../../Triage/prefetch_analysis_report.csv
2025-02-17 21:39:43,204 - INFO - Database connection closed successfully
2025-02-17 22:11:00,583 - INFO - Database connection initialized successfully
2025-02-17 22:11:01,435 - INFO - Analysis complete. Results written to ../../Triage/prefetch_analysis_report.csv
2025-02-17 22:11:01,437 - INFO - Database connection closed successfully
2025-02-17 22:45:12,405 - INFO - Database connection initialized successfully
2025-02-17 22:45:12,437 - INFO - Database connection closed successfully
2025-02-17 22:49:28,663 - INFO - Database connection initialized successfully
2025-02-17 22:49:28,696 - INFO - Database connection closed successfully
2025-02-17 22:57:42,145 - INFO - Database connection initialized successfully
2025-02-17 22:57:42,307 - INFO - Analysis complete. Results written to ../../Triage/prefetch_analysis_report.csv
2025-02-17 22:57:42,308 - INFO - Database connection closed successfully
2025-02-17 22:58:34,185 - INFO - Database connection initialized successfully
2025-02-17 22:58:34,253 - INFO - Analysis complete. Results written to ../../Triage/prefetch_analysis_report.csv
2025-02-17 22:58:34,254 - INFO - Database connection closed successfully
2025-02-17 22:59:38,858 - INFO - Database connection initialized successfully
2025-02-17 22:59:38,859 - INFO - Analysis complete. Results written to ../../Triage/prefetch_analysis_report.csv
2025-02-17 22:59:38,860 - INFO - Database connection closed successfully
2025-02-17 23:03:30,337 - INFO - Database connection initialized successfully
2025-02-17 23:03:30,370 - INFO - Database connection closed successfully
2025-02-17 23:16:59,260 - INFO - Database connection initialized successfully
2025-02-17 23:16:59,293 - INFO - Database connection closed successfully
2025-02-17 23:44:51,014 - INFO - Database connection initialized successfully
2025-02-17 23:44:51,015 - INFO - Analysis complete. Results written to ../../Triage/prefetch_analysis_report.csv
2025-02-17 23:44:51,016 - INFO - Database connection closed successfully
2025-02-17 23:51:01,690 - INFO - Database connection initialized successfully
2025-02-17 23:51:01,691 - INFO - Database connection closed successfully
2025-02-17 23:52:38,425 - INFO - Database connection initialized successfully
2025-02-17 23:52:38,426 - INFO - Database connection closed successfully
2025-02-17 23:57:07,129 - INFO - Database connection initialized successfully
2025-02-17 23:57:07,131 - INFO - Database connection closed successfully
2025-02-17 23:58:03,772 - INFO - Database connection initialized successfully
2025-02-17 23:58:03,774 - INFO - Analysis complete. Results written to ../../Triage/prefetch_analysis_report.csv
2025-02-17 23:58:03,775 - INFO - Database connection closed successfully
2025-02-18 00:04:02,953 - INFO - Database connection initialized successfully
2025-02-18 00:04:02,955 - INFO - Analysis complete. Results written to ../../Triage/prefetch_analysis_report.csv
2025-02-18 00:04:02,956 - INFO - Database connection closed successfully
2025-02-18 00:05:39,134 - INFO - Database connection initialized successfully
2025-02-18 00:05:39,167 - INFO - Database connection closed successfully
2025-02-18 00:29:41,313 - INFO - Database connection initialized successfully
2025-02-18 00:29:41,313 - INFO - Database connection initialized successfully
2025-02-18 00:29:41,345 - INFO - Database connection closed successfully
2025-02-18 00:29:41,345 - INFO - Database connection closed successfully
2025-02-18 00:34:59,775 - ERROR - Error initializing database connection: /home/ihakami/workspace/Hadi-IR/prefetch_analyzer/lib/config/data/signatures.db unable to open database file
2025-02-18 00:36:09,006 - ERROR - Error initializing database connection: /data/signatures.db unable to open database file
2025-02-18 00:38:47,264 - INFO - Database connection initialized successfully
2025-02-18 00:38:47,264 - INFO - Database connection initialized successfully
2025-02-18 00:38:47,297 - INFO - Database connection closed successfully
2025-02-18 00:38:47,298 - INFO - Database connection closed successfully
2025-02-18 00:50:10,454 - INFO - Database connection initialized successfully
2025-02-18 00:50:10,454 - INFO - Database connection initialized successfully
2025-02-18 00:50:10,487 - INFO - Database connection closed successfully
2025-02-18 00:50:10,487 - INFO - Database connection closed successfully
2025-02-18 00:51:36,389 - INFO - Database connection initialized successfully
2025-02-18 00:51:36,389 - INFO - Database connection initialized successfully
2025-02-18 00:51:36,422 - INFO - Database connection closed successfully
2025-02-18 00:51:36,422 - INFO - Database connection closed successfully
2025-02-18 00:52:15,718 - INFO - Database connection initialized successfully
2025-02-18 00:52:15,718 - INFO - Database connection initialized successfully
2025-02-18 00:52:15,751 - INFO - Database connection closed successfully
2025-02-18 00:52:15,751 - INFO - Database connection closed successfully
2025-02-18 00:52:56,730 - INFO - Database connection initialized successfully
2025-02-18 00:52:56,730 - INFO - Database connection initialized successfully
2025-02-18 00:52:57,347 - INFO - Analysis complete. Results written to ../../Triage/prefetch_analysis_report.csv
2025-02-18 00:52:57,354 - INFO - Database connection closed successfully
2025-02-18 00:52:57,354 - INFO - Database connection closed successfully
2025-02-18 00:53:04,070 - INFO - Database connection initialized successfully
2025-02-18 00:53:04,070 - INFO - Database connection initialized successfully
2025-02-18 00:53:04,792 - INFO - Analysis complete. Results written to ../../Triage/prefetch_analysis_report.csv
2025-02-18 00:53:04,798 - INFO - Database connection closed successfully
2025-02-18 00:53:04,799 - INFO - Database connection closed successfully
2025-02-18 00:54:14,153 - INFO - Database connection initialized successfully
2025-02-18 00:54:14,153 - INFO - Database connection initialized successfully
2025-02-18 00:54:14,781 - INFO - Analysis complete. Results written to ../../Triage/prefetch_analysis_report.csv
2025-02-18 00:54:14,788 - INFO - Database connection closed successfully
2025-02-18 00:54:14,788 - INFO - Database connection closed successfully
2025-02-18 21:59:19,300 - INFO - Database connection initialized successfully
2025-02-18 21:59:19,300 - INFO - Database connection initialized successfully
2025-02-18 21:59:19,920 - INFO - Database connection closed successfully
2025-02-18 21:59:19,920 - INFO - Database connection closed successfully
2025-02-18 22:06:29,466 - INFO - Database connection initialized successfully
2025-02-18 22:06:29,467 - INFO - Database connection initialized successfully
2025-02-18 22:06:30,103 - INFO - Database connection closed successfully
2025-02-18 22:06:30,103 - INFO - Database connection closed successfully
2025-02-18 22:08:15,097 - INFO - Database connection initialized successfully
2025-02-18 22:08:15,097 - INFO - Database connection initialized successfully
2025-02-18 22:08:15,712 - INFO - Analysis complete. Results written to ../../Triage/prefetch_analysis_report.csv
2025-02-18 22:08:15,719 - INFO - Database connection closed successfully
2025-02-18 22:08:15,719 - INFO - Database connection closed successfully
2025-02-18 22:10:12,840 - INFO - Database connection initialized successfully
2025-02-18 22:10:12,840 - INFO - Database connection initialized successfully
2025-02-18 22:10:13,461 - INFO - Analysis complete. Results written to ../../Triage/prefetch_analysis_report.csv
2025-02-18 22:10:13,469 - INFO - Database connection closed successfully
2025-02-18 22:10:13,470 - INFO - Database connection closed successfully
2025-02-18 22:10:43,801 - INFO - Database connection initialized successfully
2025-02-18 22:10:43,801 - INFO - Database connection initialized successfully
2025-02-18 22:10:44,432 - INFO - Database connection closed successfully
2025-02-18 22:10:44,432 - INFO - Database connection closed successfully
2025-02-18 22:13:38,649 - INFO - Database connection initialized successfully
2025-02-18 22:13:38,649 - INFO - Database connection initialized successfully
2025-02-18 22:13:40,805 - INFO - Database connection closed successfully
2025-02-18 22:13:40,805 - INFO - Database connection closed successfully
2025-02-18 22:14:43,518 - INFO - Database connection initialized successfully
2025-02-18 22:14:43,518 - INFO - Database connection initialized successfully
2025-02-18 22:14:45,638 - INFO - Database connection closed successfully
2025-02-18 22:14:45,638 - INFO - Database connection closed successfully
2025-02-18 22:19:01,226 - INFO - Database connection initialized successfully
2025-02-18 22:19:01,226 - INFO - Database connection initialized successfully
2025-02-18 22:19:03,347 - INFO - Database connection closed successfully
2025-02-18 22:19:03,347 - INFO - Database connection closed successfully
2025-02-18 22:21:07,437 - INFO - Database connection initialized successfully
2025-02-18 22:21:07,437 - INFO - Database connection initialized successfully
2025-02-18 22:21:09,567 - INFO - Database connection closed successfully
2025-02-18 22:21:09,567 - INFO - Database connection closed successfully
2025-02-18 22:22:32,819 - INFO - Database connection initialized successfully
2025-02-18 22:22:32,820 - INFO - Database connection initialized successfully
2025-02-18 22:22:35,575 - ERROR - Error querying data from files WHERE file_path = 'C:\USERS\ADMINISTRATOR\DESKTOP\PYTHON-TOOLS\FORTINET\FAZSQLITE1-DON'T MODIFY.PY' COLLATE NOCASE LIMIT 1: near "T": syntax error
2025-02-18 22:25:58,573 - ERROR - Error querying data from files WHERE file_path = 'C:\USERS\ADMINISTRATOR\DESKTOP\PYTHON-TOOLS\FORTINET\FAZSQLITE1-DON'T MODIFY.PY' COLLATE NOCASE LIMIT 1: near "T": syntax error
2025-02-18 22:27:02,218 - INFO - Database connection closed successfully
2025-02-18 22:27:02,218 - INFO - Database connection closed successfully
2025-02-18 22:30:18,264 - INFO - Database connection initialized successfully
2025-02-18 22:30:18,265 - INFO - Database connection initialized successfully
2025-02-18 22:30:18,917 - INFO - Database connection closed successfully
2025-02-18 22:30:18,917 - INFO - Database connection closed successfully
2025-02-18 22:31:50,760 - INFO - Database connection initialized successfully
2025-02-18 22:31:50,761 - INFO - Database connection initialized successfully
2025-02-18 22:33:53,364 - INFO - Analysis complete. Results written to ../../Triage/prefetch_analysis_report.csv
2025-02-18 22:33:53,372 - INFO - Database connection closed successfully
2025-02-18 22:33:53,373 - INFO - Database connection closed successfully
2025-02-18 22:48:44,274 - INFO - Database connection initialized successfully
2025-02-18 22:48:44,274 - INFO - Database connection initialized successfully
2025-02-18 22:50:09,958 - INFO - Database connection closed successfully
2025-02-18 22:50:09,958 - INFO - Database connection closed successfully
2025-02-18 22:53:50,222 - INFO - Database connection initialized successfully
2025-02-18 22:53:50,223 - INFO - Database connection initialized successfully
2025-02-18 22:53:50,872 - INFO - Database connection closed successfully
2025-02-18 22:53:50,872 - INFO - Database connection closed successfully
2025-02-18 22:56:09,679 - INFO - Database connection initialized successfully
2025-02-18 22:56:09,679 - INFO - Database connection initialized successfully
2025-02-18 22:56:32,923 - INFO - Database connection closed successfully
2025-02-18 22:56:32,923 - INFO - Database connection closed successfully
2025-02-18 23:00:42,259 - INFO - Database connection initialized successfully
2025-02-18 23:00:42,260 - INFO - Database connection initialized successfully
2025-02-18 23:02:32,274 - INFO - Analysis complete. Results written to ../../Triage/prefetch_analysis_report.csv
2025-02-18 23:02:32,282 - INFO - Database connection closed successfully
2025-02-18 23:02:32,282 - INFO - Database connection closed successfully
2025-02-18 23:08:43,335 - INFO - Database connection initialized successfully
2025-02-18 23:08:43,336 - INFO - Database connection initialized successfully
2025-02-18 23:08:43,946 - INFO - Analysis complete. Results written to ../../Triage/prefetch_analysis_report.csv
2025-02-18 23:08:43,953 - INFO - Database connection closed successfully
2025-02-18 23:08:43,953 - INFO - Database connection closed successfully
2025-02-18 23:14:02,967 - INFO - Database connection initialized successfully
2025-02-18 23:14:02,968 - INFO - Database connection initialized successfully
2025-02-18 23:14:03,618 - INFO - Database connection closed successfully
2025-02-18 23:14:03,619 - INFO - Database connection closed successfully
2025-02-18 23:15:44,568 - INFO - Database connection initialized successfully
2025-02-18 23:15:44,568 - INFO - Database connection initialized successfully
2025-02-18 23:15:45,215 - INFO - Database connection closed successfully
2025-02-18 23:15:45,215 - INFO - Database connection closed successfully
2025-02-18 23:16:00,827 - INFO - Database connection initialized successfully
2025-02-18 23:16:00,828 - INFO - Database connection initialized successfully
2025-02-18 23:16:01,447 - INFO - Database connection closed successfully
2025-02-18 23:16:01,447 - INFO - Database connection closed successfully
2025-02-18 23:26:58,940 - INFO - Database connection initialized successfully
2025-02-18 23:26:58,940 - INFO - Database connection initialized successfully
2025-02-18 23:26:59,644 - INFO - Database connection closed successfully
2025-02-18 23:26:59,644 - INFO - Database connection closed successfully
2025-02-18 23:27:31,258 - INFO - Database connection initialized successfully
2025-02-18 23:27:31,258 - INFO - Database connection initialized successfully
2025-02-18 23:27:37,961 - INFO - Analysis complete. Results written to ../../Triage/prefetch_analysis_report.csv
2025-02-18 23:27:37,967 - INFO - Database connection closed successfully
2025-02-18 23:27:37,967 - INFO - Database connection closed successfully
2025-02-18 23:27:44,058 - INFO - Database connection initialized successfully
2025-02-18 23:27:44,059 - INFO - Database connection initialized successfully
2025-02-18 23:27:50,707 - INFO - Analysis complete. Results written to ../../Triage/prefetch_analysis_report.csv
2025-02-18 23:27:50,712 - INFO - Database connection closed successfully
2025-02-18 23:27:50,712 - INFO - Database connection closed successfully
2025-02-18 23:40:50,498 - INFO - Database connection initialized successfully
2025-02-18 23:40:50,499 - INFO - Database connection initialized successfully
2025-02-18 23:40:55,824 - INFO - Analysis complete. Results written to ../../Triage/prefetch_analysis_report.csv
2025-02-18 23:40:55,830 - INFO - Database connection closed successfully
2025-02-18 23:40:55,830 - INFO - Database connection closed successfully
2025-02-18 23:42:27,026 - INFO - Database connection initialized successfully
2025-02-18 23:42:27,026 - INFO - Database connection initialized successfully
2025-02-18 23:42:32,341 - INFO - Analysis complete. Results written to ../../Triage/prefetch_analysis_report.csv
2025-02-18 23:42:32,347 - INFO - Database connection closed successfully
2025-02-18 23:42:32,347 - INFO - Database connection closed successfully
2025-02-18 23:44:08,706 - INFO - Database connection initialized successfully
2025-02-18 23:44:08,706 - INFO - Database connection initialized successfully
2025-02-18 23:44:14,498 - INFO - Analysis complete. Results written to ../../Triage/prefetch_analysis_report.csv
2025-02-18 23:44:14,506 - INFO - Database connection closed successfully
2025-02-18 23:44:14,507 - INFO - Database connection closed successfully
2025-02-18 23:48:00,292 - INFO - Database connection initialized successfully
2025-02-18 23:48:00,293 - INFO - Database connection initialized successfully
2025-02-18 23:48:05,600 - INFO - Analysis complete. Results written to ../../Triage/prefetch_analysis_report.csv
2025-02-18 23:48:05,606 - INFO - Database connection closed successfully
2025-02-18 23:48:05,606 - INFO - Database connection closed successfully
2025-02-18 23:51:23,755 - INFO - Database connection initialized successfully
2025-02-18 23:51:23,755 - INFO - Database connection initialized successfully
2025-02-18 23:51:29,179 - INFO - Analysis complete. Results written to ../../Triage/prefetch_analysis_report.csv
2025-02-18 23:51:29,185 - INFO - Database connection closed successfully
2025-02-18 23:51:29,185 - INFO - Database connection closed successfully
2025-02-18 23:55:31,899 - INFO - Database connection initialized successfully
2025-02-18 23:55:31,900 - INFO - Database connection initialized successfully
2025-02-18 23:55:34,930 - INFO - Analysis complete. Results written to ../../Triage/prefetch_analysis_report.csv
2025-02-18 23:55:34,937 - INFO - Database connection closed successfully
2025-02-18 23:55:34,937 - INFO - Database connection closed successfully
2025-02-19 00:24:42,827 - INFO - Database connection initialized successfully
2025-02-19 00:24:42,828 - INFO - Database connection initialized successfully
2025-02-19 00:24:45,871 - INFO - Analysis complete. Results written to ../../Triage/prefetch_analysis_report.csv
2025-02-19 00:24:45,876 - INFO - Database connection closed successfully
2025-02-19 00:24:45,877 - INFO - Database connection closed successfully
2025-02-19 00:27:09,818 - INFO - Database connection initialized successfully
2025-02-19 00:27:09,818 - INFO - Database connection initialized successfully
2025-02-19 00:27:12,815 - INFO - Analysis complete. Results written to ../../Triage/prefetch_analysis_report.csv
2025-02-19 00:27:12,821 - INFO - Database connection closed successfully
2025-02-19 00:27:12,821 - INFO - Database connection closed successfully
2025-02-19 00:29:45,191 - INFO - Database connection initialized successfully
2025-02-19 00:29:45,192 - INFO - Database connection initialized successfully
2025-02-19 00:29:48,252 - INFO - Analysis complete. Results written to ../../Triage/prefetch_analysis_report.csv
2025-02-19 00:29:48,257 - INFO - Database connection closed successfully
2025-02-19 00:29:48,258 - INFO - Database connection closed successfully
2025-02-19 00:30:21,611 - INFO - Database connection initialized successfully
2025-02-19 00:30:21,611 - INFO - Database connection initialized successfully
2025-02-19 00:30:24,646 - INFO - Analysis complete. Results written to ../../Triage/prefetch_analysis_report.csv
2025-02-19 00:30:24,652 - INFO - Database connection closed successfully
2025-02-19 00:30:24,652 - INFO - Database connection closed successfully
2025-02-19 00:31:52,219 - INFO - Database connection initialized successfully
2025-02-19 00:31:52,219 - INFO - Database connection initialized successfully
2025-02-19 00:31:55,280 - INFO - Analysis complete. Results written to ../../Triage/prefetch_analysis_report.csv
2025-02-19 00:31:55,286 - INFO - Database connection closed successfully
2025-02-19 00:31:55,286 - INFO - Database connection closed successfully
2025-02-19 00:32:41,456 - INFO - Database connection initialized successfully
2025-02-19 00:32:41,456 - INFO - Database connection initialized successfully
2025-02-19 00:32:44,474 - INFO - Analysis complete. Results written to ../../Triage/prefetch_analysis_report.csv
2025-02-19 00:32:44,480 - INFO - Database connection closed successfully
2025-02-19 00:32:44,480 - INFO - Database connection closed successfully
2025-02-19 00:35:27,584 - INFO - Database connection initialized successfully
2025-02-19 00:35:27,585 - INFO - Database connection initialized successfully
2025-02-19 00:35:30,581 - INFO - Analysis complete. Results written to ../../Triage/prefetch_analysis_report.csv
2025-02-19 00:35:30,587 - INFO - Database connection closed successfully
2025-02-19 00:35:30,587 - INFO - Database connection closed successfully
2025-02-19 21:02:23,359 - INFO - Database connection initialized successfully
2025-02-19 21:02:23,360 - INFO - Database connection initialized successfully
2025-02-19 21:02:26,051 - INFO - Database connection closed successfully
2025-02-19 21:02:26,051 - INFO - Database connection closed successfully
2025-02-19 21:14:29,934 - INFO - Database connection initialized successfully
2025-02-19 21:14:29,934 - INFO - Database connection initialized successfully
2025-02-19 21:14:32,971 - INFO - Analysis complete. Results written to ../../Triage/prefetch_analysis_report.csv
2025-02-19 21:14:32,977 - INFO - Database connection closed successfully
2025-02-19 21:14:32,977 - INFO - Database connection closed successfully
2025-02-19 21:46:30,249 - INFO - Database connection initialized successfully
2025-02-19 21:46:30,250 - INFO - Database connection initialized successfully
2025-02-19 21:46:30,938 - INFO - Database connection closed successfully
2025-02-19 21:46:30,938 - INFO - Database connection closed successfully
2025-02-19 21:47:19,976 - INFO - Database connection initialized successfully
2025-02-19 21:47:19,976 - INFO - Database connection initialized successfully
2025-02-19 21:47:20,648 - INFO - Database connection closed successfully
2025-02-19 21:47:20,648 - INFO - Database connection closed successfully
2025-02-19 21:48:39,853 - INFO - Database connection initialized successfully
2025-02-19 21:48:39,853 - INFO - Database connection initialized successfully
2025-02-19 21:48:40,521 - INFO - Database connection closed successfully
2025-02-19 21:48:40,521 - INFO - Database connection closed successfully
2025-02-19 21:52:43,018 - INFO - Database connection initialized successfully
2025-02-19 21:52:43,018 - INFO - Database connection initialized successfully
2025-02-19 21:52:43,714 - INFO - Database connection closed successfully
2025-02-19 21:52:43,714 - INFO - Database connection closed successfully
2025-02-19 21:53:20,308 - INFO - Database connection initialized successfully
2025-02-19 21:53:20,308 - INFO - Database connection initialized successfully
2025-02-19 21:53:20,976 - INFO - Database connection closed successfully
2025-02-19 21:53:20,976 - INFO - Database connection closed successfully
2025-02-19 21:57:50,984 - INFO - Database connection initialized successfully
2025-02-19 21:57:50,984 - INFO - Database connection initialized successfully
2025-02-19 21:57:51,693 - INFO - Database connection closed successfully
2025-02-19 21:57:51,694 - INFO - Database connection closed successfully
2025-02-19 21:58:54,351 - INFO - Database connection initialized successfully
2025-02-19 21:58:54,352 - INFO - Database connection initialized successfully
2025-02-19 21:58:55,209 - INFO - Database connection closed successfully
2025-02-19 21:58:55,210 - INFO - Database connection closed successfully
2025-02-19 22:00:30,729 - INFO - Database connection initialized successfully
2025-02-19 22:00:30,729 - INFO - Database connection initialized successfully
2025-02-19 22:00:33,839 - INFO - Analysis complete. Results written to ../../Triage/prefetch_analysis_report.csv
2025-02-19 22:00:33,846 - INFO - Database connection closed successfully
2025-02-19 22:00:33,846 - INFO - Database connection closed successfully
2025-02-19 22:05:52,636 - INFO - Database connection initialized successfully
2025-02-19 22:05:52,637 - INFO - Database connection initialized successfully
2025-02-19 22:05:55,758 - INFO - Analysis complete. Results written to ../../Triage/prefetch_analysis_report.csv
2025-02-19 22:05:55,765 - INFO - Database connection closed successfully
2025-02-19 22:05:55,765 - INFO - Database connection closed successfully
2025-02-19 22:18:55,756 - INFO - Database connection initialized successfully
2025-02-19 22:18:55,757 - INFO - Database connection initialized successfully
2025-02-19 22:18:58,868 - INFO - Analysis complete. Results written to ../../Triage/prefetch_analysis_report.csv
2025-02-19 22:18:58,874 - INFO - Database connection closed successfully
2025-02-19 22:18:58,874 - INFO - Database connection closed successfully
2025-02-19 22:29:16,787 - INFO - Database connection initialized successfully
2025-02-19 22:29:16,787 - INFO - Database connection initialized successfully
2025-02-19 22:29:19,910 - INFO - Analysis complete. Results written to ../../Triage/prefetch_analysis_report.csv
2025-02-19 22:29:19,916 - INFO - Database connection closed successfully
2025-02-19 22:29:19,916 - INFO - Database connection closed successfully
2025-02-19 22:33:16,164 - INFO - Database connection initialized successfully
2025-02-19 22:33:16,164 - INFO - Database connection initialized successfully
2025-02-19 22:33:19,234 - INFO - Analysis complete. Results written to ../../Triage/prefetch_analysis_report.csv
2025-02-19 22:33:19,240 - INFO - Database connection closed successfully
2025-02-19 22:33:19,240 - INFO - Database connection closed successfully
2025-02-19 22:38:18,531 - INFO - Database connection initialized successfully
2025-02-19 22:38:18,532 - INFO - Database connection initialized successfully
2025-02-19 22:38:21,999 - INFO - Analysis complete. Results written to ../../Triage/prefetch_analysis_report.csv
2025-02-19 22:38:22,005 - INFO - Database connection closed successfully
2025-02-19 22:38:22,006 - INFO - Database connection closed successfully
2025-02-19 22:40:18,780 - INFO - Database connection initialized successfully
2025-02-19 22:40:18,781 - INFO - Database connection initialized successfully
2025-02-19 22:40:22,171 - INFO - Analysis complete. Results written to ../../Triage/prefetch_analysis_report.csv
2025-02-19 22:40:22,177 - INFO - Database connection closed successfully
2025-02-19 22:40:22,177 - INFO - Database connection closed successfully
2025-02-19 23:21:43,542 - INFO - Database connection initialized successfully
2025-02-19 23:21:43,543 - INFO - Database connection initialized successfully
2025-02-19 23:21:43,566 - INFO - Database connection closed successfully
2025-02-19 23:21:43,566 - INFO - Database connection closed successfully
2025-02-19 23:24:41,611 - INFO - Database connection initialized successfully
2025-02-19 23:24:41,612 - INFO - Database connection initialized successfully
2025-02-19 23:24:41,634 - INFO - Database connection closed successfully
2025-02-19 23:24:41,634 - INFO - Database connection closed successfully
2025-02-19 23:25:31,523 - INFO - Database connection initialized successfully
2025-02-19 23:25:31,524 - INFO - Database connection initialized successfully
2025-02-19 23:25:34,048 - INFO - Database connection closed successfully
2025-02-19 23:25:34,048 - INFO - Database connection closed successfully
2025-02-19 23:33:02,400 - INFO - Database connection initialized successfully
2025-02-19 23:33:02,400 - INFO - Database connection initialized successfully
2025-02-19 23:33:04,900 - INFO - Database connection closed successfully
2025-02-19 23:33:04,900 - INFO - Database connection closed successfully
2025-02-19 23:33:31,955 - INFO - Database connection initialized successfully
2025-02-19 23:33:31,955 - INFO - Database connection initialized successfully
2025-02-19 23:33:34,498 - INFO - Database connection closed successfully
2025-02-19 23:33:34,499 - INFO - Database connection closed successfully
2025-02-19 23:33:53,122 - INFO - Database connection initialized successfully
2025-02-19 23:33:53,122 - INFO - Database connection initialized successfully
2025-02-19 23:33:55,622 - INFO - Database connection closed successfully
2025-02-19 23:33:55,623 - INFO - Database connection closed successfully
2025-02-19 23:39:44,703 - INFO - Database connection initialized successfully
2025-02-19 23:39:44,704 - INFO - Database connection initialized successfully
2025-02-19 23:39:47,200 - INFO - Database connection closed successfully
2025-02-19 23:39:47,200 - INFO - Database connection closed successfully
2025-02-19 23:41:05,904 - INFO - Database connection initialized successfully
2025-02-19 23:41:05,904 - INFO - Database connection initialized successfully
2025-02-19 23:41:08,387 - INFO - Database connection closed successfully
2025-02-19 23:41:08,387 - INFO - Database connection closed successfully
2025-02-19 23:42:32,619 - INFO - Database connection initialized successfully
2025-02-19 23:42:32,619 - INFO - Database connection initialized successfully
2025-02-19 23:42:35,127 - INFO - Analysis complete. Results written to ../../Triage/prefetch_analysis_report.csv
2025-02-19 23:42:35,133 - INFO - Database connection closed successfully
2025-02-19 23:42:35,133 - INFO - Database connection closed successfully
2025-02-19 23:42:40,381 - INFO - Database connection initialized successfully
2025-02-19 23:42:40,382 - INFO - Database connection initialized successfully
2025-02-19 23:42:43,230 - INFO - Analysis complete. Results written to ../../Triage/prefetch_analysis_report.csv
2025-02-19 23:42:43,235 - INFO - Database connection closed successfully
2025-02-19 23:42:43,235 - INFO - Database connection closed successfully
2025-02-19 23:44:58,773 - INFO - Database connection initialized successfully
2025-02-19 23:44:58,773 - INFO - Database connection initialized successfully
2025-02-19 23:45:01,289 - INFO - Analysis complete. Results written to ../../Triage/prefetch_analysis_report.csv
2025-02-19 23:45:01,293 - INFO - Database connection closed successfully
2025-02-19 23:45:01,293 - INFO - Database connection closed successfully
2025-02-19 23:47:29,121 - INFO - Database connection initialized successfully
2025-02-19 23:47:29,121 - INFO - Database connection initialized successfully
2025-02-19 23:47:31,619 - INFO - Database connection closed successfully
2025-02-19 23:47:31,619 - INFO - Database connection closed successfully
2025-02-19 23:50:30,048 - INFO - Database connection initialized successfully
2025-02-19 23:50:30,049 - INFO - Database connection initialized successfully
2025-02-19 23:50:32,549 - INFO - Database connection closed successfully
2025-02-19 23:50:32,550 - INFO - Database connection closed successfully
2025-02-19 23:51:00,475 - INFO - Database connection initialized successfully
2025-02-19 23:51:00,475 - INFO - Database connection initialized successfully
2025-02-19 23:51:02,983 - INFO - Database connection closed successfully
2025-02-19 23:51:02,983 - INFO - Database connection closed successfully
2025-02-19 23:53:06,879 - INFO - Database connection initialized successfully
2025-02-19 23:53:06,880 - INFO - Database connection initialized successfully
2025-02-19 23:53:09,395 - INFO - Database connection closed successfully
2025-02-19 23:53:09,395 - INFO - Database connection closed successfully
2025-02-19 23:53:37,742 - INFO - Database connection initialized successfully
2025-02-19 23:53:37,742 - INFO - Database connection initialized successfully
2025-02-19 23:53:40,321 - INFO - Analysis complete. Results written to ../../Triage/prefetch_analysis_report.csv
2025-02-19 23:53:40,326 - INFO - Database connection closed successfully
2025-02-19 23:53:40,326 - INFO - Database connection closed successfully
2025-02-19 23:57:16,162 - INFO - Database connection initialized successfully
2025-02-19 23:57:16,162 - INFO - Database connection initialized successfully
2025-02-19 23:57:16,164 - INFO - Database connection closed successfully
2025-02-19 23:57:16,164 - INFO - Database connection closed successfully
2025-02-20 00:03:34,104 - INFO - Database connection initialized successfully
2025-02-20 00:03:34,105 - INFO - Database connection initialized successfully
2025-02-20 00:03:34,106 - INFO - Database connection closed successfully
2025-02-20 00:03:34,107 - INFO - Database connection closed successfully
2025-02-20 00:03:54,568 - INFO - Database connection initialized successfully
2025-02-20 00:03:54,569 - INFO - Database connection initialized successfully
2025-02-20 00:03:57,128 - INFO - Analysis complete. Results written to ../../Triage/prefetch_analysis_report.csv
2025-02-20 00:03:57,132 - INFO - Database connection closed successfully
2025-02-20 00:03:57,133 - INFO - Database connection closed successfully
2025-02-20 00:04:01,229 - INFO - Database connection initialized successfully
2025-02-20 00:04:01,229 - INFO - Database connection initialized successfully
2025-02-20 00:04:03,817 - INFO - Analysis complete. Results written to ../../Triage/prefetch_analysis_report.csv
2025-02-20 00:04:03,825 - INFO - Database connection closed successfully
2025-02-20 00:04:03,826 - INFO - Database connection closed successfully
2025-02-20 00:09:13,533 - INFO - Database connection initialized successfully
2025-02-20 00:09:13,533 - INFO - Database connection initialized successfully
2025-02-20 00:09:16,039 - INFO - Database connection closed successfully
2025-02-20 00:09:16,040 - INFO - Database connection closed successfully
2025-02-20 00:13:54,676 - INFO - Database connection initialized successfully
2025-02-20 00:13:54,677 - INFO - Database connection initialized successfully
2025-02-20 00:13:57,175 - INFO - Database connection closed successfully
2025-02-20 00:13:57,175 - INFO - Database connection closed successfully
2025-02-20 00:15:36,191 - INFO - Database connection initialized successfully
2025-02-20 00:15:36,192 - INFO - Database connection initialized successfully
2025-02-20 00:15:38,742 - INFO - Database connection closed successfully
2025-02-20 00:15:38,742 - INFO - Database connection closed successfully
2025-02-20 00:16:27,618 - INFO - Database connection initialized successfully
2025-02-20 00:16:27,619 - INFO - Database connection initialized successfully
2025-02-20 00:16:30,146 - INFO - Database connection closed successfully
2025-02-20 00:16:30,146 - INFO - Database connection closed successfully
2025-02-20 00:16:48,423 - INFO - Database connection initialized successfully
2025-02-20 00:16:48,424 - INFO - Database connection initialized successfully
2025-02-20 00:16:50,971 - INFO - Analysis complete. Results written to ../../Triage/prefetch_analysis_report.csv
2025-02-20 00:16:50,975 - INFO - Database connection closed successfully
2025-02-20 00:16:50,975 - INFO - Database connection closed successfully
2025-02-20 00:18:01,630 - INFO - Database connection initialized successfully
2025-02-20 00:18:01,631 - INFO - Database connection initialized successfully
2025-02-20 00:18:04,153 - INFO - Analysis complete. Results written to ../../Triage/prefetch_analysis_report.csv
2025-02-20 00:18:04,157 - INFO - Database connection closed successfully
2025-02-20 00:18:04,157 - INFO - Database connection closed successfully
2025-02-20 00:19:58,770 - INFO - Database connection initialized successfully
2025-02-20 00:19:58,771 - INFO - Database connection initialized successfully
2025-02-20 00:20:01,300 - INFO - Analysis complete. Results written to ../../Triage/prefetch_analysis_report.csv
2025-02-20 00:20:01,304 - INFO - Database connection closed successfully
2025-02-20 00:20:01,304 - INFO - Database connection closed successfully
2025-02-20 00:21:28,844 - INFO - Database connection initialized successfully
2025-02-20 00:21:28,845 - INFO - Database connection initialized successfully
2025-02-20 00:21:31,367 - INFO - Analysis complete. Results written to ../../Triage/prefetch_analysis_report.csv
2025-02-20 00:21:31,371 - INFO - Database connection closed successfully
2025-02-20 00:21:31,371 - INFO - Database connection closed successfully
2025-02-20 00:23:34,390 - INFO - Database connection initialized successfully
2025-02-20 00:23:34,391 - INFO - Database connection initialized successfully
2025-02-20 00:23:36,949 - INFO - Analysis complete. Results written to ../../Triage/prefetch_analysis_report.csv
2025-02-20 00:23:36,953 - INFO - Database connection closed successfully
2025-02-20 00:23:36,954 - INFO - Database connection closed successfully
2025-02-20 00:24:55,011 - INFO - Database connection initialized successfully
2025-02-20 00:24:55,012 - INFO - Database connection initialized successfully
2025-02-20 00:24:57,518 - INFO - Analysis complete. Results written to ../../Triage/prefetch_analysis_report.csv
2025-02-20 00:24:57,521 - INFO - Database connection closed successfully
2025-02-20 00:24:57,522 - INFO - Database connection closed successfully
2025-02-20 00:41:34,431 - INFO - Database connection initialized successfully
2025-02-20 00:41:34,432 - INFO - Database connection initialized successfully
2025-02-20 00:41:36,971 - INFO - Analysis complete. Results written to ../../Triage/prefetch_analysis_report.csv
2025-02-20 00:41:36,975 - INFO - Database connection closed successfully
2025-02-20 00:41:36,975 - INFO - Database connection closed successfully
2025-02-20 00:46:04,732 - INFO - Database connection initialized successfully
2025-02-20 00:46:04,733 - INFO - Database connection initialized successfully
2025-02-20 00:46:07,311 - INFO - Analysis complete. Results written to ../../Triage/prefetch_analysis_report.csv
2025-02-20 00:46:07,314 - INFO - Database connection closed successfully
2025-02-20 00:46:07,315 - INFO - Database connection closed successfully
2025-02-20 01:15:59,789 - INFO - Database connection initialized successfully
2025-02-20 01:15:59,790 - INFO - Database connection initialized successfully
2025-02-20 01:16:02,398 - INFO - Analysis complete. Results written to ../../Triage/prefetch_analysis_report.csv
2025-02-20 01:16:02,403 - INFO - Database connection closed successfully
2025-02-20 01:16:02,403 - INFO - Database connection closed successfully
2025-02-20 21:47:49,451 - INFO - Database connection initialized successfully
2025-02-20 21:47:49,452 - INFO - Database connection initialized successfully
2025-02-20 21:47:51,943 - INFO - Analysis complete. Results written to ../../Triage/prefetch_analysis_report.csv
2025-02-20 21:47:51,947 - INFO - Database connection closed successfully
2025-02-20 21:47:51,947 - INFO - Database connection closed successfully
2025-02-20 21:52:36,891 - INFO - Database connection initialized successfully
2025-02-20 21:52:36,891 - INFO - Database connection initialized successfully
2025-02-20 21:52:39,442 - INFO - Analysis complete. Results written to ../../Triage/prefetch_analysis_report.csv
2025-02-20 21:52:39,446 - INFO - Database connection closed successfully
2025-02-20 21:52:39,446 - INFO - Database connection closed successfully
2025-02-20 21:56:27,635 - INFO - Database connection initialized successfully
2025-02-20 21:56:27,636 - INFO - Database connection initialized successfully
2025-02-20 21:56:30,163 - INFO - Analysis complete. Results written to ../../Triage/prefetch_analysis_report.csv
2025-02-20 21:56:30,168 - INFO - Database connection closed successfully
2025-02-20 21:56:30,168 - INFO - Database connection closed successfully
2025-02-20 21:57:36,229 - INFO - Database connection initialized successfully
2025-02-20 21:57:36,230 - INFO - Database connection initialized successfully
2025-02-20 21:57:38,764 - INFO - Analysis complete. Results written to ../../Triage/prefetch_analysis_report.csv
2025-02-20 21:57:38,769 - INFO - Database connection closed successfully
2025-02-20 21:57:38,769 - INFO - Database connection closed successfully
2025-02-20 22:17:06,120 - ERROR - Error during analysis: write() argument must be str, not dict
2025-02-20 22:17:53,564 - INFO - Database connection initialized successfully
2025-02-20 22:17:53,564 - INFO - Database connection initialized successfully
2025-02-20 22:17:56,148 - INFO - Database connection closed successfully
2025-02-20 22:17:56,148 - INFO - Database connection closed successfully
2025-02-20 22:18:41,555 - INFO - Database connection initialized successfully
2025-02-20 22:18:41,555 - INFO - Database connection initialized successfully
2025-02-20 22:18:44,148 - INFO - Database connection closed successfully
2025-02-20 22:18:44,148 - INFO - Database connection closed successfully
2025-02-20 22:19:33,755 - INFO - Database connection initialized successfully
2025-02-20 22:19:33,756 - INFO - Database connection initialized successfully
2025-02-20 22:19:36,349 - INFO - Database connection closed successfully
2025-02-20 22:19:36,349 - INFO - Database connection closed successfully
2025-02-20 22:33:25,431 - INFO - Database connection initialized successfully
2025-02-20 22:33:25,432 - INFO - Database connection initialized successfully
2025-02-20 22:33:27,945 - INFO - Database connection closed successfully
2025-02-20 22:33:27,945 - INFO - Database connection closed successfully
2025-02-20 22:36:47,315 - INFO - Database connection initialized successfully
2025-02-20 22:36:47,315 - INFO - Database connection initialized successfully
2025-02-20 22:36:49,890 - INFO - Database connection closed successfully
2025-02-20 22:36:49,890 - INFO - Database connection closed successfully
2025-02-20 23:45:14,918 - INFO - Database connection initialized successfully
2025-02-20 23:45:14,918 - INFO - Database connection initialized successfully
2025-02-20 23:45:17,502 - INFO - Database connection closed successfully
2025-02-20 23:45:17,502 - INFO - Database connection closed successfully
